<?xml version="1.0" encoding="UTF-8"?>
<testsuite name="com.jianglibo.tojsonapi.structure.TestJsonapiDocumentBuilder" tests="1" skipped="0" failures="0" errors="0" timestamp="2018-03-09T01:02:08" hostname="admin-PC" time="0.005">
  <properties/>
  <testcase name="tbuild" classname="com.jianglibo.tojsonapi.structure.TestJsonapiDocumentBuilder" time="0.005"/>
  <system-out><![CDATA[{
  "data":{
    "id":"3",
    "type":"hello",
    "attributes":{
      "birthDay":"20180305155312+0800",
      "roles":null,
      "un":"username",
      "uniqueNumber":1
    },
    "links":{
      "self":"/hello/3"
    }
  }
}
]]></system-out>
  <system-err><![CDATA[]]></system-err>
</testsuite>
