<?xml version="1.0" encoding="UTF-8"?>
<testsuite name="com.jianglibo.tojsonapi.structure.TestMyUserWithAnnotation" tests="2" skipped="0" failures="0" errors="0" timestamp="2018-03-05T07:27:40" hostname="admin-PC" time="0.004">
  <properties/>
  <testcase name="testOne" classname="com.jianglibo.tojsonapi.structure.TestMyUserWithAnnotation" time="0.004"/>
  <testcase name="testClassEqual" classname="com.jianglibo.tojsonapi.structure.TestMyUserWithAnnotation" time="0.0"/>
  <system-out><![CDATA[]]></system-out>
  <system-err><![CDATA[]]></system-err>
</testsuite>
