<?xml version="1.0" encoding="UTF-8"?>
<testsuite name="com.jianglibo.tojsonapi.util.TestResourceUrl" tests="1" skipped="0" failures="0" errors="0" timestamp="2018-03-09T01:02:08" hostname="admin-PC" time="0.021">
  <properties/>
  <testcase name="build" classname="com.jianglibo.tojsonapi.util.TestResourceUrl" time="0.021"/>
  <system-out><![CDATA[]]></system-out>
  <system-err><![CDATA[]]></system-err>
</testsuite>
